[4.091s] Invoking command in '/home/james/ros2_ws/src/tortoise': DEBUGINFOD_URLS=https://debuginfod.ubuntu.com PYTHONPATH=/home/james/ros2_ws/build/tortoise/prefix_override:/usr/lib/python3/dist-packages/colcon_core/task/python/colcon_distutils_commands:/home/james/ros2_ws/install/tortoise/lib/python3.12/site-packages:${PYTHONPATH} /usr/bin/python3 -W ignore:setup.py install is deprecated -W ignore:easy_install command is deprecated setup.py egg_info --egg-base ../../build/tortoise build --build-base /home/james/ros2_ws/build/tortoise/build install --record /home/james/ros2_ws/build/tortoise/install.log --single-version-externally-managed install_data
[5.110s] running egg_info
[5.177s] writing ../../build/tortoise/tortoise.egg-info/PKG-INFO
[5.178s] writing dependency_links to ../../build/tortoise/tortoise.egg-info/dependency_links.txt
[5.187s] writing entry points to ../../build/tortoise/tortoise.egg-info/entry_points.txt
[5.188s] writing requirements to ../../build/tortoise/tortoise.egg-info/requires.txt
[5.189s] writing top-level names to ../../build/tortoise/tortoise.egg-info/top_level.txt
[5.327s] reading manifest file '../../build/tortoise/tortoise.egg-info/SOURCES.txt'
[5.330s] adding license file 'LICENSE'
[5.332s] writing manifest file '../../build/tortoise/tortoise.egg-info/SOURCES.txt'
[5.333s] running build
[5.333s] running build_py
[5.334s] running install
[5.361s] running install_lib
[5.430s] running install_data
[5.431s] running install_egg_info
[5.502s] removing '/home/james/ros2_ws/install/tortoise/lib/python3.12/site-packages/tortoise-0.0.0-py3.12.egg-info' (and everything under it)
[5.504s] Copying ../../build/tortoise/tortoise.egg-info to /home/james/ros2_ws/install/tortoise/lib/python3.12/site-packages/tortoise-0.0.0-py3.12.egg-info
[5.511s] running install_scripts
[6.013s] Installing motor_serial_node script to /home/james/ros2_ws/install/tortoise/lib/tortoise
[6.015s] writing list of installed files to '/home/james/ros2_ws/build/tortoise/install.log'
[6.157s] Invoked command in '/home/james/ros2_ws/src/tortoise' returned '0': DEBUGINFOD_URLS=https://debuginfod.ubuntu.com PYTHONPATH=/home/james/ros2_ws/build/tortoise/prefix_override:/usr/lib/python3/dist-packages/colcon_core/task/python/colcon_distutils_commands:/home/james/ros2_ws/install/tortoise/lib/python3.12/site-packages:${PYTHONPATH} /usr/bin/python3 -W ignore:setup.py install is deprecated -W ignore:easy_install command is deprecated setup.py egg_info --egg-base ../../build/tortoise build --build-base /home/james/ros2_ws/build/tortoise/build install --record /home/james/ros2_ws/build/tortoise/install.log --single-version-externally-managed install_data
