[0.132s] DEBUG:colcon:Command line arguments: ['/usr/bin/colcon', 'build']
[0.132s] DEBUG:colcon:Parsed command line arguments: Namespace(log_base=None, log_level=None, verb_name='build', build_base='build', install_base='install', merge_install=False, symlink_install=False, test_result_base=None, continue_on_error=False, executor='parallel', parallel_workers=16, event_handlers=None, ignore_user_meta=False, metas=['./colcon.meta'], base_paths=['.'], packages_ignore=None, packages_ignore_regex=None, paths=None, packages_up_to=None, packages_up_to_regex=None, packages_above=None, packages_above_and_dependencies=None, packages_above_depth=None, packages_select_by_dep=None, packages_skip_by_dep=None, packages_skip_up_to=None, packages_select_build_failed=False, packages_skip_build_finished=False, packages_select_test_failures=False, packages_skip_test_passed=False, packages_select=None, packages_skip=None, packages_select_regex=None, packages_skip_regex=None, packages_start=None, packages_end=None, allow_overriding=[], cmake_args=None, cmake_target=None, cmake_target_skip_unavailable=False, cmake_clean_cache=False, cmake_clean_first=False, cmake_force_configure=False, ament_cmake_args=None, catkin_cmake_args=None, catkin_skip_building_tests=False, mixin_files=None, mixin=None, verb_parser=<colcon_mixin.mixin.mixin_argument.MixinArgumentDecorator object at 0x7283f2f991c0>, verb_extension=<colcon_core.verb.build.BuildVerb object at 0x7283f2f98b90>, main=<bound method BuildVerb.main of <colcon_core.verb.build.BuildVerb object at 0x7283f2f98b90>>, mixin_verb=('build',))
[0.178s] Level 1:colcon.colcon_core.package_discovery:discover_packages(colcon_meta) check parameters
[0.178s] Level 1:colcon.colcon_core.package_discovery:discover_packages(recursive) check parameters
[0.178s] Level 1:colcon.colcon_core.package_discovery:discover_packages(ignore) check parameters
[0.178s] Level 1:colcon.colcon_core.package_discovery:discover_packages(path) check parameters
[0.178s] Level 1:colcon.colcon_core.package_discovery:discover_packages(colcon_meta) discover
[0.178s] Level 1:colcon.colcon_core.package_discovery:discover_packages(recursive) discover
[0.178s] INFO:colcon.colcon_core.package_discovery:Crawling recursively for packages in '/home/james/Tortoise'
[0.178s] Level 1:colcon.colcon_core.package_identification:_identify(.) by extensions ['ignore', 'ignore_ament_install']
[0.178s] Level 1:colcon.colcon_core.package_identification:_identify(.) by extension 'ignore'
[0.178s] Level 1:colcon.colcon_core.package_identification:_identify(.) by extension 'ignore_ament_install'
[0.179s] Level 1:colcon.colcon_core.package_identification:_identify(.) by extensions ['colcon_pkg']
[0.179s] Level 1:colcon.colcon_core.package_identification:_identify(.) by extension 'colcon_pkg'
[0.179s] Level 1:colcon.colcon_core.package_identification:_identify(.) by extensions ['colcon_meta']
[0.179s] Level 1:colcon.colcon_core.package_identification:_identify(.) by extension 'colcon_meta'
[0.179s] Level 1:colcon.colcon_core.package_identification:_identify(.) by extensions ['ros']
[0.179s] Level 1:colcon.colcon_core.package_identification:_identify(.) by extension 'ros'
[0.210s] Level 1:colcon.colcon_core.package_identification:_identify(.) by extensions ['cmake', 'python']
[0.210s] Level 1:colcon.colcon_core.package_identification:_identify(.) by extension 'cmake'
[0.210s] Level 1:colcon.colcon_core.package_identification:_identify(.) by extension 'python'
[0.210s] Level 1:colcon.colcon_core.package_identification:_identify(.) by extensions ['python_setup_py']
[0.210s] Level 1:colcon.colcon_core.package_identification:_identify(.) by extension 'python_setup_py'
[0.211s] Level 1:colcon.colcon_core.package_identification:_identify(build) by extensions ['ignore', 'ignore_ament_install']
[0.211s] Level 1:colcon.colcon_core.package_identification:_identify(build) by extension 'ignore'
[0.211s] Level 1:colcon.colcon_core.package_identification:_identify(build) ignored
[0.211s] Level 1:colcon.colcon_core.package_identification:_identify(install) by extensions ['ignore', 'ignore_ament_install']
[0.211s] Level 1:colcon.colcon_core.package_identification:_identify(install) by extension 'ignore'
[0.211s] Level 1:colcon.colcon_core.package_identification:_identify(install) ignored
[0.211s] Level 1:colcon.colcon_core.package_identification:_identify(log) by extensions ['ignore', 'ignore_ament_install']
[0.211s] Level 1:colcon.colcon_core.package_identification:_identify(log) by extension 'ignore'
[0.211s] Level 1:colcon.colcon_core.package_identification:_identify(log) ignored
[0.212s] Level 1:colcon.colcon_core.package_identification:_identify(my-venv) by extensions ['ignore', 'ignore_ament_install']
[0.212s] Level 1:colcon.colcon_core.package_identification:_identify(my-venv) by extension 'ignore'
[0.212s] Level 1:colcon.colcon_core.package_identification:_identify(my-venv) by extension 'ignore_ament_install'
[0.212s] Level 1:colcon.colcon_core.package_identification:_identify(my-venv) by extensions ['colcon_pkg']
[0.212s] Level 1:colcon.colcon_core.package_identification:_identify(my-venv) by extension 'colcon_pkg'
[0.212s] Level 1:colcon.colcon_core.package_identification:_identify(my-venv) by extensions ['colcon_meta']
[0.212s] Level 1:colcon.colcon_core.package_identification:_identify(my-venv) by extension 'colcon_meta'
[0.212s] Level 1:colcon.colcon_core.package_identification:_identify(my-venv) by extensions ['ros']
[0.212s] Level 1:colcon.colcon_core.package_identification:_identify(my-venv) by extension 'ros'
[0.212s] Level 1:colcon.colcon_core.package_identification:_identify(my-venv) by extensions ['cmake', 'python']
[0.212s] Level 1:colcon.colcon_core.package_identification:_identify(my-venv) by extension 'cmake'
[0.212s] Level 1:colcon.colcon_core.package_identification:_identify(my-venv) by extension 'python'
[0.212s] Level 1:colcon.colcon_core.package_identification:_identify(my-venv) by extensions ['python_setup_py']
[0.212s] Level 1:colcon.colcon_core.package_identification:_identify(my-venv) by extension 'python_setup_py'
[0.212s] Level 1:colcon.colcon_core.package_identification:_identify(my-venv/bin) by extensions ['ignore', 'ignore_ament_install']
[0.212s] Level 1:colcon.colcon_core.package_identification:_identify(my-venv/bin) by extension 'ignore'
[0.213s] Level 1:colcon.colcon_core.package_identification:_identify(my-venv/bin) by extension 'ignore_ament_install'
[0.213s] Level 1:colcon.colcon_core.package_identification:_identify(my-venv/bin) by extensions ['colcon_pkg']
[0.213s] Level 1:colcon.colcon_core.package_identification:_identify(my-venv/bin) by extension 'colcon_pkg'
[0.213s] Level 1:colcon.colcon_core.package_identification:_identify(my-venv/bin) by extensions ['colcon_meta']
[0.213s] Level 1:colcon.colcon_core.package_identification:_identify(my-venv/bin) by extension 'colcon_meta'
[0.213s] Level 1:colcon.colcon_core.package_identification:_identify(my-venv/bin) by extensions ['ros']
[0.213s] Level 1:colcon.colcon_core.package_identification:_identify(my-venv/bin) by extension 'ros'
[0.213s] Level 1:colcon.colcon_core.package_identification:_identify(my-venv/bin) by extensions ['cmake', 'python']
[0.213s] Level 1:colcon.colcon_core.package_identification:_identify(my-venv/bin) by extension 'cmake'
[0.213s] Level 1:colcon.colcon_core.package_identification:_identify(my-venv/bin) by extension 'python'
[0.213s] Level 1:colcon.colcon_core.package_identification:_identify(my-venv/bin) by extensions ['python_setup_py']
[0.213s] Level 1:colcon.colcon_core.package_identification:_identify(my-venv/bin) by extension 'python_setup_py'
[0.213s] Level 1:colcon.colcon_core.package_identification:_identify(my-venv/include) by extensions ['ignore', 'ignore_ament_install']
[0.213s] Level 1:colcon.colcon_core.package_identification:_identify(my-venv/include) by extension 'ignore'
[0.213s] Level 1:colcon.colcon_core.package_identification:_identify(my-venv/include) by extension 'ignore_ament_install'
[0.213s] Level 1:colcon.colcon_core.package_identification:_identify(my-venv/include) by extensions ['colcon_pkg']
[0.213s] Level 1:colcon.colcon_core.package_identification:_identify(my-venv/include) by extension 'colcon_pkg'
[0.213s] Level 1:colcon.colcon_core.package_identification:_identify(my-venv/include) by extensions ['colcon_meta']
[0.213s] Level 1:colcon.colcon_core.package_identification:_identify(my-venv/include) by extension 'colcon_meta'
[0.214s] Level 1:colcon.colcon_core.package_identification:_identify(my-venv/include) by extensions ['ros']
[0.214s] Level 1:colcon.colcon_core.package_identification:_identify(my-venv/include) by extension 'ros'
[0.214s] Level 1:colcon.colcon_core.package_identification:_identify(my-venv/include) by extensions ['cmake', 'python']
[0.214s] Level 1:colcon.colcon_core.package_identification:_identify(my-venv/include) by extension 'cmake'
[0.214s] Level 1:colcon.colcon_core.package_identification:_identify(my-venv/include) by extension 'python'
[0.214s] Level 1:colcon.colcon_core.package_identification:_identify(my-venv/include) by extensions ['python_setup_py']
[0.214s] Level 1:colcon.colcon_core.package_identification:_identify(my-venv/include) by extension 'python_setup_py'
[0.214s] Level 1:colcon.colcon_core.package_identification:_identify(my-venv/include/python3.12) by extensions ['ignore', 'ignore_ament_install']
[0.214s] Level 1:colcon.colcon_core.package_identification:_identify(my-venv/include/python3.12) by extension 'ignore'
[0.214s] Level 1:colcon.colcon_core.package_identification:_identify(my-venv/include/python3.12) by extension 'ignore_ament_install'
[0.214s] Level 1:colcon.colcon_core.package_identification:_identify(my-venv/include/python3.12) by extensions ['colcon_pkg']
[0.214s] Level 1:colcon.colcon_core.package_identification:_identify(my-venv/include/python3.12) by extension 'colcon_pkg'
[0.214s] Level 1:colcon.colcon_core.package_identification:_identify(my-venv/include/python3.12) by extensions ['colcon_meta']
[0.214s] Level 1:colcon.colcon_core.package_identification:_identify(my-venv/include/python3.12) by extension 'colcon_meta'
[0.214s] Level 1:colcon.colcon_core.package_identification:_identify(my-venv/include/python3.12) by extensions ['ros']
[0.214s] Level 1:colcon.colcon_core.package_identification:_identify(my-venv/include/python3.12) by extension 'ros'
[0.214s] Level 1:colcon.colcon_core.package_identification:_identify(my-venv/include/python3.12) by extensions ['cmake', 'python']
[0.214s] Level 1:colcon.colcon_core.package_identification:_identify(my-venv/include/python3.12) by extension 'cmake'
[0.215s] Level 1:colcon.colcon_core.package_identification:_identify(my-venv/include/python3.12) by extension 'python'
[0.215s] Level 1:colcon.colcon_core.package_identification:_identify(my-venv/include/python3.12) by extensions ['python_setup_py']
[0.215s] Level 1:colcon.colcon_core.package_identification:_identify(my-venv/include/python3.12) by extension 'python_setup_py'
[0.215s] Level 1:colcon.colcon_core.package_identification:_identify(my-venv/lib) by extensions ['ignore', 'ignore_ament_install']
[0.215s] Level 1:colcon.colcon_core.package_identification:_identify(my-venv/lib) by extension 'ignore'
[0.215s] Level 1:colcon.colcon_core.package_identification:_identify(my-venv/lib) by extension 'ignore_ament_install'
[0.215s] Level 1:colcon.colcon_core.package_identification:_identify(my-venv/lib) by extensions ['colcon_pkg']
[0.215s] Level 1:colcon.colcon_core.package_identification:_identify(my-venv/lib) by extension 'colcon_pkg'
[0.215s] Level 1:colcon.colcon_core.package_identification:_identify(my-venv/lib) by extensions ['colcon_meta']
[0.215s] Level 1:colcon.colcon_core.package_identification:_identify(my-venv/lib) by extension 'colcon_meta'
[0.215s] Level 1:colcon.colcon_core.package_identification:_identify(my-venv/lib) by extensions ['ros']
[0.215s] Level 1:colcon.colcon_core.package_identification:_identify(my-venv/lib) by extension 'ros'
[0.215s] Level 1:colcon.colcon_core.package_identification:_identify(my-venv/lib) by extensions ['cmake', 'python']
[0.215s] Level 1:colcon.colcon_core.package_identification:_identify(my-venv/lib) by extension 'cmake'
[0.215s] Level 1:colcon.colcon_core.package_identification:_identify(my-venv/lib) by extension 'python'
[0.215s] Level 1:colcon.colcon_core.package_identification:_identify(my-venv/lib) by extensions ['python_setup_py']
[0.215s] Level 1:colcon.colcon_core.package_identification:_identify(my-venv/lib) by extension 'python_setup_py'
[0.215s] Level 1:colcon.colcon_core.package_identification:_identify(my-venv/lib/python3.12) by extensions ['ignore', 'ignore_ament_install']
[0.216s] Level 1:colcon.colcon_core.package_identification:_identify(my-venv/lib/python3.12) by extension 'ignore'
[0.216s] Level 1:colcon.colcon_core.package_identification:_identify(my-venv/lib/python3.12) by extension 'ignore_ament_install'
[0.216s] Level 1:colcon.colcon_core.package_identification:_identify(my-venv/lib/python3.12) by extensions ['colcon_pkg']
[0.216s] Level 1:colcon.colcon_core.package_identification:_identify(my-venv/lib/python3.12) by extension 'colcon_pkg'
[0.216s] Level 1:colcon.colcon_core.package_identification:_identify(my-venv/lib/python3.12) by extensions ['colcon_meta']
[0.216s] Level 1:colcon.colcon_core.package_identification:_identify(my-venv/lib/python3.12) by extension 'colcon_meta'
[0.216s] Level 1:colcon.colcon_core.package_identification:_identify(my-venv/lib/python3.12) by extensions ['ros']
[0.216s] Level 1:colcon.colcon_core.package_identification:_identify(my-venv/lib/python3.12) by extension 'ros'
[0.216s] Level 1:colcon.colcon_core.package_identification:_identify(my-venv/lib/python3.12) by extensions ['cmake', 'python']
[0.216s] Level 1:colcon.colcon_core.package_identification:_identify(my-venv/lib/python3.12) by extension 'cmake'
[0.216s] Level 1:colcon.colcon_core.package_identification:_identify(my-venv/lib/python3.12) by extension 'python'
[0.216s] Level 1:colcon.colcon_core.package_identification:_identify(my-venv/lib/python3.12) by extensions ['python_setup_py']
[0.216s] Level 1:colcon.colcon_core.package_identification:_identify(my-venv/lib/python3.12) by extension 'python_setup_py'
[0.216s] Level 1:colcon.colcon_core.package_identification:_identify(my-venv/lib/python3.12/site-packages) by extensions ['ignore', 'ignore_ament_install']
[0.216s] Level 1:colcon.colcon_core.package_identification:_identify(my-venv/lib/python3.12/site-packages) by extension 'ignore'
[0.216s] Level 1:colcon.colcon_core.package_identification:_identify(my-venv/lib/python3.12/site-packages) by extension 'ignore_ament_install'
[0.216s] Level 1:colcon.colcon_core.package_identification:_identify(my-venv/lib/python3.12/site-packages) by extensions ['colcon_pkg']
[0.217s] Level 1:colcon.colcon_core.package_identification:_identify(my-venv/lib/python3.12/site-packages) by extension 'colcon_pkg'
[0.217s] Level 1:colcon.colcon_core.package_identification:_identify(my-venv/lib/python3.12/site-packages) by extensions ['colcon_meta']
[0.217s] Level 1:colcon.colcon_core.package_identification:_identify(my-venv/lib/python3.12/site-packages) by extension 'colcon_meta'
[0.217s] Level 1:colcon.colcon_core.package_identification:_identify(my-venv/lib/python3.12/site-packages) by extensions ['ros']
[0.217s] Level 1:colcon.colcon_core.package_identification:_identify(my-venv/lib/python3.12/site-packages) by extension 'ros'
[0.217s] Level 1:colcon.colcon_core.package_identification:_identify(my-venv/lib/python3.12/site-packages) by extensions ['cmake', 'python']
[0.217s] Level 1:colcon.colcon_core.package_identification:_identify(my-venv/lib/python3.12/site-packages) by extension 'cmake'
[0.217s] Level 1:colcon.colcon_core.package_identification:_identify(my-venv/lib/python3.12/site-packages) by extension 'python'
[0.217s] Level 1:colcon.colcon_core.package_identification:_identify(my-venv/lib/python3.12/site-packages) by extensions ['python_setup_py']
[0.217s] Level 1:colcon.colcon_core.package_identification:_identify(my-venv/lib/python3.12/site-packages) by extension 'python_setup_py'
[0.217s] Level 1:colcon.colcon_core.package_identification:_identify(src) by extensions ['ignore', 'ignore_ament_install']
[0.217s] Level 1:colcon.colcon_core.package_identification:_identify(src) by extension 'ignore'
[0.217s] Level 1:colcon.colcon_core.package_identification:_identify(src) by extension 'ignore_ament_install'
[0.217s] Level 1:colcon.colcon_core.package_identification:_identify(src) by extensions ['colcon_pkg']
[0.217s] Level 1:colcon.colcon_core.package_identification:_identify(src) by extension 'colcon_pkg'
[0.217s] Level 1:colcon.colcon_core.package_identification:_identify(src) by extensions ['colcon_meta']
[0.217s] Level 1:colcon.colcon_core.package_identification:_identify(src) by extension 'colcon_meta'
[0.218s] Level 1:colcon.colcon_core.package_identification:_identify(src) by extensions ['ros']
[0.218s] Level 1:colcon.colcon_core.package_identification:_identify(src) by extension 'ros'
[0.218s] Level 1:colcon.colcon_core.package_identification:_identify(src) by extensions ['cmake', 'python']
[0.218s] Level 1:colcon.colcon_core.package_identification:_identify(src) by extension 'cmake'
[0.218s] Level 1:colcon.colcon_core.package_identification:_identify(src) by extension 'python'
[0.218s] Level 1:colcon.colcon_core.package_identification:_identify(src) by extensions ['python_setup_py']
[0.218s] Level 1:colcon.colcon_core.package_identification:_identify(src) by extension 'python_setup_py'
[0.218s] Level 1:colcon.colcon_core.package_identification:_identify(src/build) by extensions ['ignore', 'ignore_ament_install']
[0.218s] Level 1:colcon.colcon_core.package_identification:_identify(src/build) by extension 'ignore'
[0.218s] Level 1:colcon.colcon_core.package_identification:_identify(src/build) ignored
[0.218s] Level 1:colcon.colcon_core.package_identification:_identify(src/install) by extensions ['ignore', 'ignore_ament_install']
[0.218s] Level 1:colcon.colcon_core.package_identification:_identify(src/install) by extension 'ignore'
[0.218s] Level 1:colcon.colcon_core.package_identification:_identify(src/install) ignored
[0.218s] Level 1:colcon.colcon_core.package_identification:_identify(src/log) by extensions ['ignore', 'ignore_ament_install']
[0.219s] Level 1:colcon.colcon_core.package_identification:_identify(src/log) by extension 'ignore'
[0.219s] Level 1:colcon.colcon_core.package_identification:_identify(src/log) ignored
[0.219s] Level 1:colcon.colcon_core.package_identification:_identify(src/tortoise) by extensions ['ignore', 'ignore_ament_install']
[0.219s] Level 1:colcon.colcon_core.package_identification:_identify(src/tortoise) by extension 'ignore'
[0.219s] Level 1:colcon.colcon_core.package_identification:_identify(src/tortoise) by extension 'ignore_ament_install'
[0.219s] Level 1:colcon.colcon_core.package_identification:_identify(src/tortoise) by extensions ['colcon_pkg']
[0.219s] Level 1:colcon.colcon_core.package_identification:_identify(src/tortoise) by extension 'colcon_pkg'
[0.219s] Level 1:colcon.colcon_core.package_identification:_identify(src/tortoise) by extensions ['colcon_meta']
[0.219s] Level 1:colcon.colcon_core.package_identification:_identify(src/tortoise) by extension 'colcon_meta'
[0.219s] Level 1:colcon.colcon_core.package_identification:_identify(src/tortoise) by extensions ['ros']
[0.219s] Level 1:colcon.colcon_core.package_identification:_identify(src/tortoise) by extension 'ros'
[0.223s] DEBUG:colcon.colcon_core.package_identification:Package 'src/tortoise' with type 'ros.ament_python' and name 'tortoise'
[0.223s] Level 1:colcon.colcon_core.package_discovery:discover_packages(recursive) using defaults
[0.223s] Level 1:colcon.colcon_core.package_discovery:discover_packages(ignore) discover
[0.223s] Level 1:colcon.colcon_core.package_discovery:discover_packages(ignore) using defaults
[0.223s] Level 1:colcon.colcon_core.package_discovery:discover_packages(path) discover
[0.223s] Level 1:colcon.colcon_core.package_discovery:discover_packages(path) using defaults
[0.246s] Level 1:colcon.colcon_core.package_discovery:discover_packages(prefix_path) check parameters
[0.246s] Level 1:colcon.colcon_core.package_discovery:discover_packages(prefix_path) discover
[0.248s] DEBUG:colcon.colcon_installed_package_information.package_discovery:Found 1 installed packages in /home/james/Tortoise/install
[0.249s] DEBUG:colcon.colcon_installed_package_information.package_discovery:Found 285 installed packages in /opt/ros/jazzy
[0.251s] Level 1:colcon.colcon_core.package_discovery:discover_packages(prefix_path) using defaults
[0.291s] Level 5:colcon.colcon_core.verb:set package 'tortoise' build argument 'cmake_args' from command line to 'None'
[0.291s] Level 5:colcon.colcon_core.verb:set package 'tortoise' build argument 'cmake_target' from command line to 'None'
[0.292s] Level 5:colcon.colcon_core.verb:set package 'tortoise' build argument 'cmake_target_skip_unavailable' from command line to 'False'
[0.292s] Level 5:colcon.colcon_core.verb:set package 'tortoise' build argument 'cmake_clean_cache' from command line to 'False'
[0.292s] Level 5:colcon.colcon_core.verb:set package 'tortoise' build argument 'cmake_clean_first' from command line to 'False'
[0.292s] Level 5:colcon.colcon_core.verb:set package 'tortoise' build argument 'cmake_force_configure' from command line to 'False'
[0.292s] Level 5:colcon.colcon_core.verb:set package 'tortoise' build argument 'ament_cmake_args' from command line to 'None'
[0.292s] Level 5:colcon.colcon_core.verb:set package 'tortoise' build argument 'catkin_cmake_args' from command line to 'None'
[0.292s] Level 5:colcon.colcon_core.verb:set package 'tortoise' build argument 'catkin_skip_building_tests' from command line to 'False'
[0.292s] DEBUG:colcon.colcon_core.verb:Building package 'tortoise' with the following arguments: {'ament_cmake_args': None, 'build_base': '/home/james/Tortoise/build/tortoise', 'catkin_cmake_args': None, 'catkin_skip_building_tests': False, 'cmake_args': None, 'cmake_clean_cache': False, 'cmake_clean_first': False, 'cmake_force_configure': False, 'cmake_target': None, 'cmake_target_skip_unavailable': False, 'install_base': '/home/james/Tortoise/install/tortoise', 'merge_install': False, 'path': '/home/james/Tortoise/src/tortoise', 'symlink_install': False, 'test_result_base': None}
[0.292s] INFO:colcon.colcon_core.executor:Executing jobs using 'parallel' executor
[0.294s] DEBUG:colcon.colcon_parallel_executor.executor.parallel:run_until_complete
[0.294s] INFO:colcon.colcon_ros.task.ament_python.build:Building ROS package in '/home/james/Tortoise/src/tortoise' with build type 'ament_python'
[0.294s] Level 1:colcon.colcon_core.shell:create_environment_hook('tortoise', 'ament_prefix_path')
[0.296s] INFO:colcon.colcon_core.plugin_system:Skipping extension 'colcon_core.shell.bat': Not used on non-Windows systems
[0.296s] INFO:colcon.colcon_core.shell:Creating environment hook '/home/james/Tortoise/install/tortoise/share/tortoise/hook/ament_prefix_path.ps1'
[0.297s] INFO:colcon.colcon_core.shell:Creating environment descriptor '/home/james/Tortoise/install/tortoise/share/tortoise/hook/ament_prefix_path.dsv'
[0.298s] INFO:colcon.colcon_core.shell:Creating environment hook '/home/james/Tortoise/install/tortoise/share/tortoise/hook/ament_prefix_path.sh'
[0.299s] INFO:colcon.colcon_core.shell:Skip shell extension 'powershell' for command environment: Not usable outside of PowerShell
[0.299s] DEBUG:colcon.colcon_core.shell:Skip shell extension 'dsv' for command environment
[0.697s] INFO:colcon.colcon_core.task.python.build:Building Python package in '/home/james/Tortoise/src/tortoise'
[0.698s] INFO:colcon.colcon_core.shell:Skip shell extension 'powershell' for command environment: Not usable outside of PowerShell
[0.698s] DEBUG:colcon.colcon_core.shell:Skip shell extension 'dsv' for command environment
[1.805s] DEBUG:colcon.colcon_core.event_handler.log_command:Invoking command in '/home/james/Tortoise/src/tortoise': DEBUGINFOD_URLS=https://debuginfod.ubuntu.com PYTHONPATH=/home/james/Tortoise/build/tortoise/prefix_override:/usr/lib/python3/dist-packages/colcon_core/task/python/colcon_distutils_commands:/home/james/Tortoise/install/tortoise/lib/python3.12/site-packages:${PYTHONPATH} VIRTUAL_ENV_PROMPT=(ros_env) /usr/bin/python3 -W ignore:setup.py install is deprecated -W ignore:easy_install command is deprecated setup.py egg_info --egg-base ../../build/tortoise build --build-base /home/james/Tortoise/build/tortoise/build install --record /home/james/Tortoise/build/tortoise/install.log --single-version-externally-managed install_data
[2.782s] DEBUG:colcon.colcon_core.event_handler.log_command:Invoked command in '/home/james/Tortoise/src/tortoise' returned '0': DEBUGINFOD_URLS=https://debuginfod.ubuntu.com PYTHONPATH=/home/james/Tortoise/build/tortoise/prefix_override:/usr/lib/python3/dist-packages/colcon_core/task/python/colcon_distutils_commands:/home/james/Tortoise/install/tortoise/lib/python3.12/site-packages:${PYTHONPATH} VIRTUAL_ENV_PROMPT=(ros_env) /usr/bin/python3 -W ignore:setup.py install is deprecated -W ignore:easy_install command is deprecated setup.py egg_info --egg-base ../../build/tortoise build --build-base /home/james/Tortoise/build/tortoise/build install --record /home/james/Tortoise/build/tortoise/install.log --single-version-externally-managed install_data
[2.786s] Level 1:colcon.colcon_core.environment:checking '/home/james/Tortoise/install/tortoise' for CMake module files
[2.787s] Level 1:colcon.colcon_core.environment:checking '/home/james/Tortoise/install/tortoise' for CMake config files
[2.788s] Level 1:colcon.colcon_core.environment:checking '/home/james/Tortoise/install/tortoise/lib'
[2.789s] Level 1:colcon.colcon_core.environment:checking '/home/james/Tortoise/install/tortoise/bin'
[2.789s] Level 1:colcon.colcon_core.environment:checking '/home/james/Tortoise/install/tortoise/lib/pkgconfig/tortoise.pc'
[2.789s] Level 1:colcon.colcon_core.environment:checking '/home/james/Tortoise/install/tortoise/lib/python3.12/site-packages'
[2.790s] Level 1:colcon.colcon_core.shell:create_environment_hook('tortoise', 'pythonpath')
[2.790s] INFO:colcon.colcon_core.shell:Creating environment hook '/home/james/Tortoise/install/tortoise/share/tortoise/hook/pythonpath.ps1'
[2.791s] INFO:colcon.colcon_core.shell:Creating environment descriptor '/home/james/Tortoise/install/tortoise/share/tortoise/hook/pythonpath.dsv'
[2.791s] INFO:colcon.colcon_core.shell:Creating environment hook '/home/james/Tortoise/install/tortoise/share/tortoise/hook/pythonpath.sh'
[2.793s] Level 1:colcon.colcon_core.environment:checking '/home/james/Tortoise/install/tortoise/bin'
[2.793s] Level 1:colcon.colcon_core.environment:create_environment_scripts_only(tortoise)
[2.793s] INFO:colcon.colcon_core.shell:Creating package script '/home/james/Tortoise/install/tortoise/share/tortoise/package.ps1'
[2.795s] INFO:colcon.colcon_core.shell:Creating package descriptor '/home/james/Tortoise/install/tortoise/share/tortoise/package.dsv'
[2.796s] INFO:colcon.colcon_core.shell:Creating package script '/home/james/Tortoise/install/tortoise/share/tortoise/package.sh'
[2.798s] INFO:colcon.colcon_core.shell:Creating package script '/home/james/Tortoise/install/tortoise/share/tortoise/package.bash'
[2.800s] INFO:colcon.colcon_core.shell:Creating package script '/home/james/Tortoise/install/tortoise/share/tortoise/package.zsh'
[2.801s] Level 1:colcon.colcon_core.environment:create_file_with_runtime_dependencies(/home/james/Tortoise/install/tortoise/share/colcon-core/packages/tortoise)
[2.803s] DEBUG:colcon.colcon_parallel_executor.executor.parallel:closing loop
[2.804s] DEBUG:colcon.colcon_parallel_executor.executor.parallel:loop closed
[2.805s] DEBUG:colcon.colcon_parallel_executor.executor.parallel:run_until_complete finished with '0'
[2.805s] DEBUG:colcon.colcon_core.event_reactor:joining thread
[2.816s] INFO:colcon.colcon_core.plugin_system:Skipping extension 'colcon_notification.desktop_notification.terminal_notifier': Not used on non-Darwin systems
[2.817s] INFO:colcon.colcon_core.plugin_system:Skipping extension 'colcon_notification.desktop_notification.win32': Not used on non-Windows systems
[2.817s] INFO:colcon.colcon_notification.desktop_notification:Sending desktop notification using 'notify2'
[2.861s] DEBUG:colcon.colcon_core.event_reactor:joined thread
[2.861s] INFO:colcon.colcon_core.shell:Creating prefix script '/home/james/Tortoise/install/local_setup.ps1'
[2.863s] INFO:colcon.colcon_core.shell:Creating prefix util module '/home/james/Tortoise/install/_local_setup_util_ps1.py'
[2.866s] INFO:colcon.colcon_core.shell:Creating prefix chain script '/home/james/Tortoise/install/setup.ps1'
[2.868s] INFO:colcon.colcon_core.shell:Creating prefix script '/home/james/Tortoise/install/local_setup.sh'
[2.869s] INFO:colcon.colcon_core.shell:Creating prefix util module '/home/james/Tortoise/install/_local_setup_util_sh.py'
[2.871s] INFO:colcon.colcon_core.shell:Creating prefix chain script '/home/james/Tortoise/install/setup.sh'
[2.873s] INFO:colcon.colcon_core.shell:Creating prefix script '/home/james/Tortoise/install/local_setup.bash'
[2.874s] INFO:colcon.colcon_core.shell:Creating prefix chain script '/home/james/Tortoise/install/setup.bash'
[2.876s] INFO:colcon.colcon_core.shell:Creating prefix script '/home/james/Tortoise/install/local_setup.zsh'
[2.877s] INFO:colcon.colcon_core.shell:Creating prefix chain script '/home/james/Tortoise/install/setup.zsh'
