[2.215s] Invoking command in '/home/james/Tortoise/src/tortoise': DEBUGINFOD_URLS=https://debuginfod.ubuntu.com PYTHONPATH=/home/james/Tortoise/build/tortoise/prefix_override:/usr/lib/python3/dist-packages/colcon_core/task/python/colcon_distutils_commands:/home/james/Tortoise/install/tortoise/lib/python3.12/site-packages:${PYTHONPATH} /usr/bin/python3 -W ignore:setup.py install is deprecated -W ignore:easy_install command is deprecated setup.py egg_info --egg-base ../../build/tortoise build --build-base /home/james/Tortoise/build/tortoise/build install --record /home/james/Tortoise/build/tortoise/install.log --single-version-externally-managed install_data
[2.525s] running egg_info
[2.547s] writing ../../build/tortoise/tortoise.egg-info/PKG-INFO
[2.548s] writing dependency_links to ../../build/tortoise/tortoise.egg-info/dependency_links.txt
[2.551s] writing entry points to ../../build/tortoise/tortoise.egg-info/entry_points.txt
[2.553s] writing requirements to ../../build/tortoise/tortoise.egg-info/requires.txt
[2.555s] writing top-level names to ../../build/tortoise/tortoise.egg-info/top_level.txt
[2.597s] reading manifest file '../../build/tortoise/tortoise.egg-info/SOURCES.txt'
[2.599s] adding license file 'LICENSE'
[2.599s] writing manifest file '../../build/tortoise/tortoise.egg-info/SOURCES.txt'
[2.600s] running build
[2.600s] running build_py
[2.605s] running install
[2.613s] running install_lib
[2.643s] running install_data
[2.645s] running install_egg_info
[2.669s] removing '/home/james/Tortoise/install/tortoise/lib/python3.12/site-packages/tortoise-0.0.0-py3.12.egg-info' (and everything under it)
[2.670s] Copying ../../build/tortoise/tortoise.egg-info to /home/james/Tortoise/install/tortoise/lib/python3.12/site-packages/tortoise-0.0.0-py3.12.egg-info
[2.672s] running install_scripts
[2.816s] Installing motor_serial_node script to /home/james/Tortoise/install/tortoise/lib/tortoise
[2.817s] writing list of installed files to '/home/james/Tortoise/build/tortoise/install.log'
[2.860s] Invoked command in '/home/james/Tortoise/src/tortoise' returned '0': DEBUGINFOD_URLS=https://debuginfod.ubuntu.com PYTHONPATH=/home/james/Tortoise/build/tortoise/prefix_override:/usr/lib/python3/dist-packages/colcon_core/task/python/colcon_distutils_commands:/home/james/Tortoise/install/tortoise/lib/python3.12/site-packages:${PYTHONPATH} /usr/bin/python3 -W ignore:setup.py install is deprecated -W ignore:easy_install command is deprecated setup.py egg_info --egg-base ../../build/tortoise build --build-base /home/james/Tortoise/build/tortoise/build install --record /home/james/Tortoise/build/tortoise/install.log --single-version-externally-managed install_data
