[2.991s] Invoking command in '/home/james/ros2_ws/src/tortoise': DEBUGINFOD_URLS=https://debuginfod.ubuntu.com PYTHONPATH=/home/james/ros2_ws/build/tortoise/prefix_override:/usr/lib/python3/dist-packages/colcon_core/task/python/colcon_distutils_commands:/home/james/ros2_ws/install/tortoise/lib/python3.12/site-packages:${PYTHONPATH} /usr/bin/python3 -W ignore:setup.py install is deprecated -W ignore:easy_install command is deprecated setup.py egg_info --egg-base ../../build/tortoise build --build-base /home/james/ros2_ws/build/tortoise/build install --record /home/james/ros2_ws/build/tortoise/install.log --single-version-externally-managed install_data
[3.946s] running egg_info
[4.008s] writing ../../build/tortoise/tortoise.egg-info/PKG-INFO
[4.009s] writing dependency_links to ../../build/tortoise/tortoise.egg-info/dependency_links.txt
[4.022s] writing entry points to ../../build/tortoise/tortoise.egg-info/entry_points.txt
[4.024s] writing requirements to ../../build/tortoise/tortoise.egg-info/requires.txt
[4.025s] writing top-level names to ../../build/tortoise/tortoise.egg-info/top_level.txt
[4.157s] reading manifest file '../../build/tortoise/tortoise.egg-info/SOURCES.txt'
[4.158s] adding license file 'LICENSE'
[4.160s] writing manifest file '../../build/tortoise/tortoise.egg-info/SOURCES.txt'
[4.161s] running build
[4.161s] running build_py
[4.162s] copying tortoise/motor_serial_node.py -> /home/james/ros2_ws/build/tortoise/build/lib/tortoise
[4.164s] running install
[4.188s] running install_lib
[4.252s] copying /home/james/ros2_ws/build/tortoise/build/lib/tortoise/motor_serial_node.py -> /home/james/ros2_ws/install/tortoise/lib/python3.12/site-packages/tortoise
[4.255s] byte-compiling /home/james/ros2_ws/install/tortoise/lib/python3.12/site-packages/tortoise/motor_serial_node.py to motor_serial_node.cpython-312.pyc
[4.257s] running install_data
[4.258s] running install_egg_info
[4.326s] removing '/home/james/ros2_ws/install/tortoise/lib/python3.12/site-packages/tortoise-0.0.0-py3.12.egg-info' (and everything under it)
[4.327s] Copying ../../build/tortoise/tortoise.egg-info to /home/james/ros2_ws/install/tortoise/lib/python3.12/site-packages/tortoise-0.0.0-py3.12.egg-info
[4.332s] running install_scripts
[4.816s] Installing motor_serial_node script to /home/james/ros2_ws/install/tortoise/lib/tortoise
[4.817s] writing list of installed files to '/home/james/ros2_ws/build/tortoise/install.log'
[4.972s] Invoked command in '/home/james/ros2_ws/src/tortoise' returned '0': DEBUGINFOD_URLS=https://debuginfod.ubuntu.com PYTHONPATH=/home/james/ros2_ws/build/tortoise/prefix_override:/usr/lib/python3/dist-packages/colcon_core/task/python/colcon_distutils_commands:/home/james/ros2_ws/install/tortoise/lib/python3.12/site-packages:${PYTHONPATH} /usr/bin/python3 -W ignore:setup.py install is deprecated -W ignore:easy_install command is deprecated setup.py egg_info --egg-base ../../build/tortoise build --build-base /home/james/ros2_ws/build/tortoise/build install --record /home/james/ros2_ws/build/tortoise/install.log --single-version-externally-managed install_data
