[1.277s] Invoking command in '/home/james/Tortoise/src/tortoise': DEBUGINFOD_URLS=https://debuginfod.ubuntu.com PYTHONPATH=/home/james/Tortoise/build/tortoise/prefix_override:/usr/lib/python3/dist-packages/colcon_core/task/python/colcon_distutils_commands:/home/james/Tortoise/install/tortoise/lib/python3.12/site-packages:${PYTHONPATH} /usr/bin/python3 -W ignore:setup.py install is deprecated -W ignore:easy_install command is deprecated setup.py egg_info --egg-base ../../build/tortoise build --build-base /home/james/Tortoise/build/tortoise/build install --record /home/james/Tortoise/build/tortoise/install.log --single-version-externally-managed install_data
[1.691s] running egg_info
[1.711s] writing ../../build/tortoise/tortoise.egg-info/PKG-INFO
[1.711s] writing dependency_links to ../../build/tortoise/tortoise.egg-info/dependency_links.txt
[1.711s] writing entry points to ../../build/tortoise/tortoise.egg-info/entry_points.txt
[1.711s] writing requirements to ../../build/tortoise/tortoise.egg-info/requires.txt
[1.712s] writing top-level names to ../../build/tortoise/tortoise.egg-info/top_level.txt
[1.776s] reading manifest file '../../build/tortoise/tortoise.egg-info/SOURCES.txt'
[1.777s] adding license file 'LICENSE'
[1.778s] writing manifest file '../../build/tortoise/tortoise.egg-info/SOURCES.txt'
[1.778s] running build
[1.778s] running build_py
[1.778s] running install
[1.787s] running install_lib
[1.809s] running install_data
[1.809s] running install_egg_info
[1.846s] removing '/home/james/Tortoise/install/tortoise/lib/python3.12/site-packages/tortoise-0.0.0-py3.12.egg-info' (and everything under it)
[1.847s] Copying ../../build/tortoise/tortoise.egg-info to /home/james/Tortoise/install/tortoise/lib/python3.12/site-packages/tortoise-0.0.0-py3.12.egg-info
[1.848s] running install_scripts
[2.040s] Installing motor_serial_node script to /home/james/Tortoise/install/tortoise/lib/tortoise
[2.041s] writing list of installed files to '/home/james/Tortoise/build/tortoise/install.log'
[2.090s] Invoked command in '/home/james/Tortoise/src/tortoise' returned '0': DEBUGINFOD_URLS=https://debuginfod.ubuntu.com PYTHONPATH=/home/james/Tortoise/build/tortoise/prefix_override:/usr/lib/python3/dist-packages/colcon_core/task/python/colcon_distutils_commands:/home/james/Tortoise/install/tortoise/lib/python3.12/site-packages:${PYTHONPATH} /usr/bin/python3 -W ignore:setup.py install is deprecated -W ignore:easy_install command is deprecated setup.py egg_info --egg-base ../../build/tortoise build --build-base /home/james/Tortoise/build/tortoise/build install --record /home/james/Tortoise/build/tortoise/install.log --single-version-externally-managed install_data
