running egg_info
writing ../../build/tortoise/tortoise.egg-info/PKG-INFO
writing dependency_links to ../../build/tortoise/tortoise.egg-info/dependency_links.txt
writing entry points to ../../build/tortoise/tortoise.egg-info/entry_points.txt
writing requirements to ../../build/tortoise/tortoise.egg-info/requires.txt
writing top-level names to ../../build/tortoise/tortoise.egg-info/top_level.txt
reading manifest file '../../build/tortoise/tortoise.egg-info/SOURCES.txt'
adding license file 'LICENSE'
writing manifest file '../../build/tortoise/tortoise.egg-info/SOURCES.txt'
running build
running build_py
running install
running install_lib
running install_data
running install_egg_info
removing '/home/james/ros2_ws/install/tortoise/lib/python3.12/site-packages/tortoise-0.0.0-py3.12.egg-info' (and everything under it)
Copying ../../build/tortoise/tortoise.egg-info to /home/james/ros2_ws/install/tortoise/lib/python3.12/site-packages/tortoise-0.0.0-py3.12.egg-info
running install_scripts
Installing motor_serial_node script to /home/james/ros2_ws/install/tortoise/lib/tortoise
writing list of installed files to '/home/james/ros2_ws/build/tortoise/install.log'
