[3.012s] Invoking command in '/home/james/ros2_ws/src/tortoise': DEBUGINFOD_URLS=https://debuginfod.ubuntu.com PYTHONPATH=/home/james/ros2_ws/build/tortoise/prefix_override:/usr/lib/python3/dist-packages/colcon_core/task/python/colcon_distutils_commands:/home/james/ros2_ws/install/tortoise/lib/python3.12/site-packages:${PYTHONPATH} /usr/bin/python3 -W ignore:setup.py install is deprecated -W ignore:easy_install command is deprecated setup.py egg_info --egg-base ../../build/tortoise build --build-base /home/james/ros2_ws/build/tortoise/build install --record /home/james/ros2_ws/build/tortoise/install.log --single-version-externally-managed install_data
[3.968s] running egg_info
[4.030s] writing ../../build/tortoise/tortoise.egg-info/PKG-INFO
[4.031s] writing dependency_links to ../../build/tortoise/tortoise.egg-info/dependency_links.txt
[4.033s] writing entry points to ../../build/tortoise/tortoise.egg-info/entry_points.txt
[4.034s] writing requirements to ../../build/tortoise/tortoise.egg-info/requires.txt
[4.034s] writing top-level names to ../../build/tortoise/tortoise.egg-info/top_level.txt
[4.163s] reading manifest file '../../build/tortoise/tortoise.egg-info/SOURCES.txt'
[4.164s] adding license file 'LICENSE'
[4.167s] writing manifest file '../../build/tortoise/tortoise.egg-info/SOURCES.txt'
[4.167s] running build
[4.168s] running build_py
[4.169s] running install
[4.193s] running install_lib
[4.259s] running install_data
[4.259s] running install_egg_info
[4.327s] removing '/home/james/ros2_ws/install/tortoise/lib/python3.12/site-packages/tortoise-0.0.0-py3.12.egg-info' (and everything under it)
[4.328s] Copying ../../build/tortoise/tortoise.egg-info to /home/james/ros2_ws/install/tortoise/lib/python3.12/site-packages/tortoise-0.0.0-py3.12.egg-info
[4.333s] running install_scripts
[4.814s] Installing motor_serial_node script to /home/james/ros2_ws/install/tortoise/lib/tortoise
[4.815s] writing list of installed files to '/home/james/ros2_ws/build/tortoise/install.log'
[4.955s] Invoked command in '/home/james/ros2_ws/src/tortoise' returned '0': DEBUGINFOD_URLS=https://debuginfod.ubuntu.com PYTHONPATH=/home/james/ros2_ws/build/tortoise/prefix_override:/usr/lib/python3/dist-packages/colcon_core/task/python/colcon_distutils_commands:/home/james/ros2_ws/install/tortoise/lib/python3.12/site-packages:${PYTHONPATH} /usr/bin/python3 -W ignore:setup.py install is deprecated -W ignore:easy_install command is deprecated setup.py egg_info --egg-base ../../build/tortoise build --build-base /home/james/ros2_ws/build/tortoise/build install --record /home/james/ros2_ws/build/tortoise/install.log --single-version-externally-managed install_data
