running egg_info
creating ../build/tortoise/tortoise.egg-info
writing ../build/tortoise/tortoise.egg-info/PKG-INFO
writing dependency_links to ../build/tortoise/tortoise.egg-info/dependency_links.txt
writing requirements to ../build/tortoise/tortoise.egg-info/requires.txt
writing top-level names to ../build/tortoise/tortoise.egg-info/top_level.txt
writing manifest file '../build/tortoise/tortoise.egg-info/SOURCES.txt'
reading manifest file '../build/tortoise/tortoise.egg-info/SOURCES.txt'
adding license file 'LICENSE'
writing manifest file '../build/tortoise/tortoise.egg-info/SOURCES.txt'
running build
running build_py
creating /home/james/ros2_ws/src/build/tortoise/build
creating /home/james/ros2_ws/src/build/tortoise/build/lib
creating /home/james/ros2_ws/src/build/tortoise/build/lib/tortoise
copying tortoise/__init__.py -> /home/james/ros2_ws/src/build/tortoise/build/lib/tortoise
running install
running install_lib
creating /home/james/ros2_ws/src/install/tortoise/lib/python3.12/site-packages/tortoise
copying /home/james/ros2_ws/src/build/tortoise/build/lib/tortoise/__init__.py -> /home/james/ros2_ws/src/install/tortoise/lib/python3.12/site-packages/tortoise
byte-compiling /home/james/ros2_ws/src/install/tortoise/lib/python3.12/site-packages/tortoise/__init__.py to __init__.cpython-312.pyc
running install_data
creating /home/james/ros2_ws/src/install/tortoise/share/ament_index
creating /home/james/ros2_ws/src/install/tortoise/share/ament_index/resource_index
creating /home/james/ros2_ws/src/install/tortoise/share/ament_index/resource_index/packages
copying resource/tortoise -> /home/james/ros2_ws/src/install/tortoise/share/ament_index/resource_index/packages
copying package.xml -> /home/james/ros2_ws/src/install/tortoise/share/tortoise
running install_egg_info
Copying ../build/tortoise/tortoise.egg-info to /home/james/ros2_ws/src/install/tortoise/lib/python3.12/site-packages/tortoise-0.0.0-py3.12.egg-info
running install_scripts
writing list of installed files to '/home/james/ros2_ws/src/build/tortoise/install.log'
