[3.689s] Invoking command in '/home/james/ros2_ws/src/tortoise': DEBUGINFOD_URLS=https://debuginfod.ubuntu.com PYTHONPATH=/home/james/ros2_ws/src/build/tortoise/prefix_override:/usr/lib/python3/dist-packages/colcon_core/task/python/colcon_distutils_commands:/home/james/ros2_ws/src/install/tortoise/lib/python3.12/site-packages:${PYTHONPATH} /usr/bin/python3 -W ignore:setup.py install is deprecated -W ignore:easy_install command is deprecated setup.py egg_info --egg-base ../build/tortoise build --build-base /home/james/ros2_ws/src/build/tortoise/build install --record /home/james/ros2_ws/src/build/tortoise/install.log --single-version-externally-managed install_data
[4.677s] running egg_info
[4.679s] creating ../build/tortoise/tortoise.egg-info
[4.740s] writing ../build/tortoise/tortoise.egg-info/PKG-INFO
[4.741s] writing dependency_links to ../build/tortoise/tortoise.egg-info/dependency_links.txt
[4.742s] writing requirements to ../build/tortoise/tortoise.egg-info/requires.txt
[4.742s] writing top-level names to ../build/tortoise/tortoise.egg-info/top_level.txt
[4.743s] writing manifest file '../build/tortoise/tortoise.egg-info/SOURCES.txt'
[4.871s] reading manifest file '../build/tortoise/tortoise.egg-info/SOURCES.txt'
[4.872s] adding license file 'LICENSE'
[4.874s] writing manifest file '../build/tortoise/tortoise.egg-info/SOURCES.txt'
[4.875s] running build
[4.875s] running build_py
[4.876s] creating /home/james/ros2_ws/src/build/tortoise/build
[4.876s] creating /home/james/ros2_ws/src/build/tortoise/build/lib
[4.877s] creating /home/james/ros2_ws/src/build/tortoise/build/lib/tortoise
[4.877s] copying tortoise/__init__.py -> /home/james/ros2_ws/src/build/tortoise/build/lib/tortoise
[4.878s] running install
[4.902s] running install_lib
[4.966s] creating /home/james/ros2_ws/src/install/tortoise/lib/python3.12/site-packages/tortoise
[4.967s] copying /home/james/ros2_ws/src/build/tortoise/build/lib/tortoise/__init__.py -> /home/james/ros2_ws/src/install/tortoise/lib/python3.12/site-packages/tortoise
[4.969s] byte-compiling /home/james/ros2_ws/src/install/tortoise/lib/python3.12/site-packages/tortoise/__init__.py to __init__.cpython-312.pyc
[4.970s] running install_data
[4.971s] creating /home/james/ros2_ws/src/install/tortoise/share/ament_index
[4.972s] creating /home/james/ros2_ws/src/install/tortoise/share/ament_index/resource_index
[4.972s] creating /home/james/ros2_ws/src/install/tortoise/share/ament_index/resource_index/packages
[4.973s] copying resource/tortoise -> /home/james/ros2_ws/src/install/tortoise/share/ament_index/resource_index/packages
[4.973s] copying package.xml -> /home/james/ros2_ws/src/install/tortoise/share/tortoise
[4.974s] running install_egg_info
[5.043s] Copying ../build/tortoise/tortoise.egg-info to /home/james/ros2_ws/src/install/tortoise/lib/python3.12/site-packages/tortoise-0.0.0-py3.12.egg-info
[5.047s] running install_scripts
[5.530s] writing list of installed files to '/home/james/ros2_ws/src/build/tortoise/install.log'
[5.669s] Invoked command in '/home/james/ros2_ws/src/tortoise' returned '0': DEBUGINFOD_URLS=https://debuginfod.ubuntu.com PYTHONPATH=/home/james/ros2_ws/src/build/tortoise/prefix_override:/usr/lib/python3/dist-packages/colcon_core/task/python/colcon_distutils_commands:/home/james/ros2_ws/src/install/tortoise/lib/python3.12/site-packages:${PYTHONPATH} /usr/bin/python3 -W ignore:setup.py install is deprecated -W ignore:easy_install command is deprecated setup.py egg_info --egg-base ../build/tortoise build --build-base /home/james/ros2_ws/src/build/tortoise/build install --record /home/james/ros2_ws/src/build/tortoise/install.log --single-version-externally-managed install_data
